# JRE version: OpenJDK Runtime Environment Temurin-17.0.8+7 (17.0.8+7) (build 17.0.8+7)
# Java VM: OpenJDK 64-Bit Server VM Temurin-17.0.8+7 (17.0.8+7, mixed mode, tiered, compressed oops, compressed class ptrs, serial gc, windows-amd64)
GC Precious Log:
 CPUs: 1 total, 1 available
 Memory: 3532M
 Large Page Support: Disabled
 NUMA Support: Disabled
 Compressed Oops: Enabled (32-bit)
 Heap Min Capacity: 8M
 Heap Initial Capacity: 56M
 Heap Max Capacity: 884M
 Pre-touch: Disabled
Heap:
 def new generation   total 17280K, used 16505K [0x00000000c8c00000, 0x00000000c9ec0000, 0x00000000db2a0000)
  eden space 15360K,  94% used [0x00000000c8c00000, 0x00000000c9a3e600, 0x00000000c9b00000)
  from space 1920K, 100% used [0x00000000c9ce0000, 0x00000000c9ec0000, 0x00000000c9ec0000)
  to   space 1920K,   0% used [0x00000000c9b00000, 0x00000000c9b00000, 0x00000000c9ce0000)
 tenured generation   total 38272K, used 11022K [0x00000000db2a0000, 0x00000000dd800000, 0x0000000100000000)
   the space 38272K,  28% used [0x00000000db2a0000, 0x00000000dbd639f8, 0x00000000dbd63a00, 0x00000000dd800000)
 Metaspace       used 31866K, committed 32192K, reserved 1114112K
  class space    used 3690K, committed 3840K, reserved 1048576K
GC Heap History (14 events):
Event: 1.313 GC heap before
{Heap before GC invocations=0 (full 0):
 def new generation   total 17216K, used 15360K [0x00000000c8c00000, 0x00000000c9ea0000, 0x00000000db2a0000)
  eden space 15360K, 100% used [0x00000000c8c00000, 0x00000000c9b00000, 0x00000000c9b00000)
  from space 1856K,   0% used [0x00000000c9b00000, 0x00000000c9b00000, 0x00000000c9cd0000)
  to   space 1856K,   0% used [0x00000000c9cd0000, 0x00000000c9cd0000, 0x00000000c9ea0000)
 tenured generation   total 38272K, used 0K [0x00000000db2a0000, 0x00000000dd800000, 0x0000000100000000)
   the space 38272K,   0% used [0x00000000db2a0000, 0x00000000db2a0000, 0x00000000db2a0200, 0x00000000dd800000)
 Metaspace       used 11577K, committed 11776K, reserved 1114112K
  class space    used 1092K, committed 1216K, reserved 1048576K
}
Event: 1.327 GC heap after
{Heap after GC invocations=1 (full 0):
 def new generation   total 17216K, used 1855K [0x00000000c8c00000, 0x00000000c9ea0000, 0x00000000db2a0000)
  eden space 15360K,   0% used [0x00000000c8c00000, 0x00000000c8c00000, 0x00000000c9b00000)
  from space 1856K,  99% used [0x00000000c9cd0000, 0x00000000c9e9fff8, 0x00000000c9ea0000)
  to   space 1856K,   0% used [0x00000000c9b00000, 0x00000000c9b00000, 0x00000000c9cd0000)
 tenured generation   total 38272K, used 3576K [0x00000000db2a0000, 0x00000000dd800000, 0x0000000100000000)
   the space 38272K,   9% used [0x00000000db2a0000, 0x00000000db61e098, 0x00000000db61e200, 0x00000000dd800000)
 Metaspace       used 11577K, committed 11776K, reserved 1114112K
  class space    used 1092K, committed 1216K, reserved 1048576K
}
Event: 2.240 GC heap before
{Heap before GC invocations=1 (full 0):
 def new generation   total 17216K, used 17215K [0x00000000c8c00000, 0x00000000c9ea0000, 0x00000000db2a0000)
  eden space 15360K, 100% used [0x00000000c8c00000, 0x00000000c9b00000, 0x00000000c9b00000)
  from space 1856K,  99% used [0x00000000c9cd0000, 0x00000000c9e9fff8, 0x00000000c9ea0000)
  to   space 1856K,   0% used [0x00000000c9b00000, 0x00000000c9b00000, 0x00000000c9cd0000)
 tenured generation   total 38272K, used 3576K [0x00000000db2a0000, 0x00000000dd800000, 0x0000000100000000)
   the space 38272K,   9% used [0x00000000db2a0000, 0x00000000db61e098, 0x00000000db61e200, 0x00000000dd800000)
 Metaspace       used 16178K, committed 16384K, reserved 1114112K
  class space    used 1654K, committed 1728K, reserved 1048576K
}
Event: 2.252 GC heap after
{Heap after GC invocations=2 (full 0):
 def new generation   total 17216K, used 1356K [0x00000000c8c00000, 0x00000000c9ea0000, 0x00000000db2a0000)
  eden space 15360K,   0% used [0x00000000c8c00000, 0x00000000c8c00000, 0x00000000c9b00000)
  from space 1856K,  73% used [0x00000000c9b00000, 0x00000000c9c53298, 0x00000000c9cd0000)
  to   space 1856K,   0% used [0x00000000c9cd0000, 0x00000000c9cd0000, 0x00000000c9ea0000)
 tenured generation   total 38272K, used 5385K [0x00000000db2a0000, 0x00000000dd800000, 0x0000000100000000)
   the space 38272K,  14% used [0x00000000db2a0000, 0x00000000db7e2620, 0x00000000db7e2800, 0x00000000dd800000)
 Metaspace       used 16178K, committed 16384K, reserved 1114112K
  class space    used 1654K, committed 1728K, reserved 1048576K
}
Event: 3.252 GC heap before
{Heap before GC invocations=2 (full 0):
 def new generation   total 17216K, used 16716K [0x00000000c8c00000, 0x00000000c9ea0000, 0x00000000db2a0000)
  eden space 15360K, 100% used [0x00000000c8c00000, 0x00000000c9b00000, 0x00000000c9b00000)
  from space 1856K,  73% used [0x00000000c9b00000, 0x00000000c9c53298, 0x00000000c9cd0000)
  to   space 1856K,   0% used [0x00000000c9cd0000, 0x00000000c9cd0000, 0x00000000c9ea0000)
 tenured generation   total 38272K, used 5385K [0x00000000db2a0000, 0x00000000dd800000, 0x0000000100000000)
   the space 38272K,  14% used [0x00000000db2a0000, 0x00000000db7e2620, 0x00000000db7e2800, 0x00000000dd800000)
 Metaspace       used 19977K, committed 20096K, reserved 1114112K
  class space    used 2170K, committed 2240K, reserved 1048576K
}
Event: 3.262 GC heap after
{Heap after GC invocations=3 (full 0):
 def new generation   total 17216K, used 1308K [0x00000000c8c00000, 0x00000000c9ea0000, 0x00000000db2a0000)
  eden space 15360K,   0% used [0x00000000c8c00000, 0x00000000c8c00000, 0x00000000c9b00000)
  from space 1856K,  70% used [0x00000000c9cd0000, 0x00000000c9e17358, 0x00000000c9ea0000)
  to   space 1856K,   0% used [0x00000000c9b00000, 0x00000000c9b00000, 0x00000000c9cd0000)
 tenured generation   total 38272K, used 6676K [0x00000000db2a0000, 0x00000000dd800000, 0x0000000100000000)
   the space 38272K,  17% used [0x00000000db2a0000, 0x00000000db9253d8, 0x00000000db925400, 0x00000000dd800000)
 Metaspace       used 19977K, committed 20096K, reserved 1114112K
  class space    used 2170K, committed 2240K, reserved 1048576K
}
Event: 3.949 GC heap before
{Heap before GC invocations=3 (full 0):
 def new generation   total 17216K, used 12736K [0x00000000c8c00000, 0x00000000c9ea0000, 0x00000000db2a0000)
  eden space 15360K,  74% used [0x00000000c8c00000, 0x00000000c9728da8, 0x00000000c9b00000)
  from space 1856K,  70% used [0x00000000c9cd0000, 0x00000000c9e17358, 0x00000000c9ea0000)
  to   space 1856K,   0% used [0x00000000c9b00000, 0x00000000c9b00000, 0x00000000c9cd0000)
 tenured generation   total 38272K, used 6676K [0x00000000db2a0000, 0x00000000dd800000, 0x0000000100000000)
   the space 38272K,  17% used [0x00000000db2a0000, 0x00000000db9253d8, 0x00000000db925400, 0x00000000dd800000)
 Metaspace       used 21345K, committed 21504K, reserved 1114112K
  class space    used 2295K, committed 2368K, reserved 1048576K
}
Event: 3.983 GC heap after
{Heap after GC invocations=4 (full 1):
 def new generation   total 17280K, used 0K [0x00000000c8c00000, 0x00000000c9ec0000, 0x00000000db2a0000)
  eden space 15360K,   0% used [0x00000000c8c00000, 0x00000000c8c00000, 0x00000000c9b00000)
  from space 1920K,   0% used [0x00000000c9b00000, 0x00000000c9b00000, 0x00000000c9ce0000)
  to   space 1920K,   0% used [0x00000000c9ce0000, 0x00000000c9ce0000, 0x00000000c9ec0000)
 tenured generation   total 38272K, used 8913K [0x00000000db2a0000, 0x00000000dd800000, 0x0000000100000000)
   the space 38272K,  23% used [0x00000000db2a0000, 0x00000000dbb54478, 0x00000000dbb54600, 0x00000000dd800000)
 Metaspace       used 21345K, committed 21504K, reserved 1114112K
  class space    used 2295K, committed 2368K, reserved 1048576K
}
Event: 4.818 GC heap before
{Heap before GC invocations=4 (full 1):
 def new generation   total 17280K, used 15360K [0x00000000c8c00000, 0x00000000c9ec0000, 0x00000000db2a0000)
  eden space 15360K, 100% used [0x00000000c8c00000, 0x00000000c9b00000, 0x00000000c9b00000)
  from space 1920K,   0% used [0x00000000c9b00000, 0x00000000c9b00000, 0x00000000c9ce0000)
  to   space 1920K,   0% used [0x00000000c9ce0000, 0x00000000c9ce0000, 0x00000000c9ec0000)
 tenured generation   total 38272K, used 8913K [0x00000000db2a0000, 0x00000000dd800000, 0x0000000100000000)
   the space 38272K,  23% used [0x00000000db2a0000, 0x00000000dbb54478, 0x00000000dbb54600, 0x00000000dd800000)
 Metaspace       used 23027K, committed 23232K, reserved 1114112K
  class space    used 2528K, committed 2624K, reserved 1048576K
}
Event: 4.823 GC heap after
{Heap after GC invocations=5 (full 1):
 def new generation   total 17280K, used 996K [0x00000000c8c00000, 0x00000000c9ec0000, 0x00000000db2a0000)
  eden space 15360K,   0% used [0x00000000c8c00000, 0x00000000c8c00000, 0x00000000c9b00000)
  from space 1920K,  51% used [0x00000000c9ce0000, 0x00000000c9dd9330, 0x00000000c9ec0000)
  to   space 1920K,   0% used [0x00000000c9b00000, 0x00000000c9b00000, 0x00000000c9ce0000)
 tenured generation   total 38272K, used 8913K [0x00000000db2a0000, 0x00000000dd800000, 0x0000000100000000)
   the space 38272K,  23% used [0x00000000db2a0000, 0x00000000dbb54478, 0x00000000dbb54600, 0x00000000dd800000)
 Metaspace       used 23027K, committed 23232K, reserved 1114112K
  class space    used 2528K, committed 2624K, reserved 1048576K
}
Event: 6.753 GC heap before
{Heap before GC invocations=5 (full 1):
 def new generation   total 17280K, used 16356K [0x00000000c8c00000, 0x00000000c9ec0000, 0x00000000db2a0000)
  eden space 15360K, 100% used [0x00000000c8c00000, 0x00000000c9b00000, 0x00000000c9b00000)
  from space 1920K,  51% used [0x00000000c9ce0000, 0x00000000c9dd9330, 0x00000000c9ec0000)
  to   space 1920K,   0% used [0x00000000c9b00000, 0x00000000c9b00000, 0x00000000c9ce0000)
 tenured generation   total 38272K, used 8913K [0x00000000db2a0000, 0x00000000dd800000, 0x0000000100000000)
   the space 38272K,  23% used [0x00000000db2a0000, 0x00000000dbb54478, 0x00000000dbb54600, 0x00000000dd800000)
 Metaspace       used 25665K, committed 25856K, reserved 1114112K
  class space    used 2900K, committed 3008K, reserved 1048576K
}
Event: 6.762 GC heap after
{Heap after GC invocations=6 (full 1):
 def new generation   total 17280K, used 1219K [0x00000000c8c00000, 0x00000000c9ec0000, 0x00000000db2a0000)
  eden space 15360K,   0% used [0x00000000c8c00000, 0x00000000c8c00000, 0x00000000c9b00000)
  from space 1920K,  63% used [0x00000000c9b00000, 0x00000000c9c30e88, 0x00000000c9ce0000)
  to   space 1920K,   0% used [0x00000000c9ce0000, 0x00000000c9ce0000, 0x00000000c9ec0000)
 tenured generation   total 38272K, used 9833K [0x00000000db2a0000, 0x00000000dd800000, 0x0000000100000000)
   the space 38272K,  25% used [0x00000000db2a0000, 0x00000000dbc3a658, 0x00000000dbc3a800, 0x00000000dd800000)
 Metaspace       used 25665K, committed 25856K, reserved 1114112K
  class space    used 2900K, committed 3008K, reserved 1048576K
}
Event: 8.309 GC heap before
{Heap before GC invocations=6 (full 1):
 def new generation   total 17280K, used 16579K [0x00000000c8c00000, 0x00000000c9ec0000, 0x00000000db2a0000)
  eden space 15360K, 100% used [0x00000000c8c00000, 0x00000000c9b00000, 0x00000000c9b00000)
  from space 1920K,  63% used [0x00000000c9b00000, 0x00000000c9c30e88, 0x00000000c9ce0000)
  to   space 1920K,   0% used [0x00000000c9ce0000, 0x00000000c9ce0000, 0x00000000c9ec0000)
 tenured generation   total 38272K, used 9833K [0x00000000db2a0000, 0x00000000dd800000, 0x0000000100000000)
   the space 38272K,  25% used [0x00000000db2a0000, 0x00000000dbc3a658, 0x00000000dbc3a800, 0x00000000dd800000)
 Metaspace       used 29305K, committed 29632K, reserved 1114112K
  class space    used 3429K, committed 3584K, reserved 1048576K
}
Event: 8.320 GC heap after
{Heap after GC invocations=7 (full 1):
 def new generation   total 17280K, used 1920K [0x00000000c8c00000, 0x00000000c9ec0000, 0x00000000db2a0000)
  eden space 15360K,   0% used [0x00000000c8c00000, 0x00000000c8c00000, 0x00000000c9b00000)
  from space 1920K, 100% used [0x00000000c9ce0000, 0x00000000c9ec0000, 0x00000000c9ec0000)
  to   space 1920K,   0% used [0x00000000c9b00000, 0x00000000c9b00000, 0x00000000c9ce0000)
 tenured generation   total 38272K, used 11022K [0x00000000db2a0000, 0x00000000dd800000, 0x0000000100000000)
   the space 38272K,  28% used [0x00000000db2a0000, 0x00000000dbd639f8, 0x00000000dbd63a00, 0x00000000dd800000)
 Metaspace       used 29305K, committed 29632K, reserved 1114112K
  class space    used 3429K, committed 3584K, reserved 1048576K
}

