# JRE version: OpenJDK Runtime Environment Temurin-17.0.8+7 (17.0.8+7) (build 17.0.8+7)
# Java VM: OpenJDK 64-Bit Server VM Temurin-17.0.8+7 (17.0.8+7, mixed mode, tiered, compressed oops, compressed class ptrs, serial gc, windows-amd64)
GC Precious Log:
 CPUs: 1 total, 1 available
 Memory: 3532M
 Large Page Support: Disabled
 NUMA Support: Disabled
 Compressed Oops: Enabled (32-bit)
 Heap Min Capacity: 8M
 Heap Initial Capacity: 56M
 Heap Max Capacity: 884M
 Pre-touch: Disabled
Heap:
 def new generation   total 17216K, used 13670K [0x00000000c8c00000, 0x00000000c9ea0000, 0x00000000db2a0000)
  eden space 15360K,  80% used [0x00000000c8c00000, 0x00000000c98066f8, 0x00000000c9b00000)
  from space 1856K,  73% used [0x00000000c9b00000, 0x00000000c9c53388, 0x00000000c9cd0000)
  to   space 1856K,   0% used [0x00000000c9cd0000, 0x00000000c9cd0000, 0x00000000c9ea0000)
 tenured generation   total 38272K, used 5385K [0x00000000db2a0000, 0x00000000dd800000, 0x0000000100000000)
   the space 38272K,  14% used [0x00000000db2a0000, 0x00000000db7e2640, 0x00000000db7e2800, 0x00000000dd800000)
 Metaspace       used 19506K, committed 19648K, reserved 1114112K
  class space    used 2114K, committed 2176K, reserved 1048576K
GC Heap History (4 events):
Event: 1.290 GC heap before
{Heap before GC invocations=0 (full 0):
 def new generation   total 17216K, used 15360K [0x00000000c8c00000, 0x00000000c9ea0000, 0x00000000db2a0000)
  eden space 15360K, 100% used [0x00000000c8c00000, 0x00000000c9b00000, 0x00000000c9b00000)
  from space 1856K,   0% used [0x00000000c9b00000, 0x00000000c9b00000, 0x00000000c9cd0000)
  to   space 1856K,   0% used [0x00000000c9cd0000, 0x00000000c9cd0000, 0x00000000c9ea0000)
 tenured generation   total 38272K, used 0K [0x00000000db2a0000, 0x00000000dd800000, 0x0000000100000000)
   the space 38272K,   0% used [0x00000000db2a0000, 0x00000000db2a0000, 0x00000000db2a0200, 0x00000000dd800000)
 Metaspace       used 11577K, committed 11776K, reserved 1114112K
  class space    used 1092K, committed 1216K, reserved 1048576K
}
Event: 1.305 GC heap after
{Heap after GC invocations=1 (full 0):
 def new generation   total 17216K, used 1855K [0x00000000c8c00000, 0x00000000c9ea0000, 0x00000000db2a0000)
  eden space 15360K,   0% used [0x00000000c8c00000, 0x00000000c8c00000, 0x00000000c9b00000)
  from space 1856K,  99% used [0x00000000c9cd0000, 0x00000000c9e9fff8, 0x00000000c9ea0000)
  to   space 1856K,   0% used [0x00000000c9b00000, 0x00000000c9b00000, 0x00000000c9cd0000)
 tenured generation   total 38272K, used 3576K [0x00000000db2a0000, 0x00000000dd800000, 0x0000000100000000)
   the space 38272K,   9% used [0x00000000db2a0000, 0x00000000db61e098, 0x00000000db61e200, 0x00000000dd800000)
 Metaspace       used 11577K, committed 11776K, reserved 1114112K
  class space    used 1092K, committed 1216K, reserved 1048576K
}
Event: 2.478 GC heap before
{Heap before GC invocations=1 (full 0):
 def new generation   total 17216K, used 17215K [0x00000000c8c00000, 0x00000000c9ea0000, 0x00000000db2a0000)
  eden space 15360K, 100% used [0x00000000c8c00000, 0x00000000c9b00000, 0x00000000c9b00000)
  from space 1856K,  99% used [0x00000000c9cd0000, 0x00000000c9e9fff8, 0x00000000c9ea0000)
  to   space 1856K,   0% used [0x00000000c9b00000, 0x00000000c9b00000, 0x00000000c9cd0000)
 tenured generation   total 38272K, used 3576K [0x00000000db2a0000, 0x00000000dd800000, 0x0000000100000000)
   the space 38272K,   9% used [0x00000000db2a0000, 0x00000000db61e098, 0x00000000db61e200, 0x00000000dd800000)
 Metaspace       used 16178K, committed 16384K, reserved 1114112K
  class space    used 1654K, committed 1728K, reserved 1048576K
}
Event: 2.491 GC heap after
{Heap after GC invocations=2 (full 0):
 def new generation   total 17216K, used 1356K [0x00000000c8c00000, 0x00000000c9ea0000, 0x00000000db2a0000)
  eden space 15360K,   0% used [0x00000000c8c00000, 0x00000000c8c00000, 0x00000000c9b00000)
  from space 1856K,  73% used [0x00000000c9b00000, 0x00000000c9c53388, 0x00000000c9cd0000)
  to   space 1856K,   0% used [0x00000000c9cd0000, 0x00000000c9cd0000, 0x00000000c9ea0000)
 tenured generation   total 38272K, used 5385K [0x00000000db2a0000, 0x00000000dd800000, 0x0000000100000000)
   the space 38272K,  14% used [0x00000000db2a0000, 0x00000000db7e2640, 0x00000000db7e2800, 0x00000000dd800000)
 Metaspace       used 16178K, committed 16384K, reserved 1114112K
  class space    used 1654K, committed 1728K, reserved 1048576K
}

